[/home/linux/Documents/work]
/home/linux/Documents/work/812_Media/video_0.mkv
/home/linux/Documents/work/812_Media/1.mp3
/home/linux/Documents/work/812_Media/audio_8.mp3
/home/linux/Documents/work/812_Media/video_6.mkv
/home/linux/Documents/work/812_Media/video_1.mkv
/home/linux/Documents/work/812_Media/video_2.mkv
/home/linux/Documents/work/812_Media/1
/home/linux/Documents/work/812_Media/video_3.mkv
/home/linux/Documents/work/812_Media/video_5.mkv
/home/linux/Documents/work/812_Media/video_9.mkv
/home/linux/Documents/work/812_Media/audio_6.mp3
/home/linux/Documents/work/812_Media/audio_7.mp3
/home/linux/Documents/work/812_Media/812_FindMedia.c
/home/linux/Documents/work/812_Media/audio_2.mp3
/home/linux/Documents/work/812_Media/audio_9.mp3
/home/linux/Documents/work/812_Media/audio_4.mp3
/home/linux/Documents/work/812_Media/1.mkv
/home/linux/Documents/work/812_Media/video_7.mkv
/home/linux/Documents/work/812_Media/audio_5.mp3
/home/linux/Documents/work/812_Media/video_4.mkv
/home/linux/Documents/work/812_Media/audio_0.mp3
/home/linux/Documents/work/812_Media/creatMedia.sh
/home/linux/Documents/work/812_Media/video_8.mkv
/home/linux/Documents/work/812_Media/audio_3.mp3
/home/linux/Documents/work/812_Media/a.out
/home/linux/Documents/work/812_Media/audio_1.mp3
/home/linux/Documents/work/86_ChangeStrWord.c
/home/linux/Documents/work/28_pstrlen.c
/home/linux/Documents/work/28_pabccba.c
/home/linux/Documents/work/25_123321.c
/home/linux/Documents/work/23_7_2431.c
/home/linux/Documents/work/83_FindStrWord.c
/home/linux/Documents/work/26_strlen.c
/home/linux/Documents/work/Cptxt.out
/home/linux/Documents/work/85_memcpy.c
/home/linux/Documents/work/24_7_anFeiBoNaQie.c
/home/linux/Documents/work/812_Media
/home/linux/Documents/work/812_Ls/jkl/1
/home/linux/Documents/work/812_Ls/jkl
/home/linux/Documents/work/86_ChangeStrWord.c
/home/linux/Documents/work/28_pstrlen.c
/home/linux/Documents/work/28_pabccba.c
/home/linux/Documents/work/25_123321.c
/home/linux/Documents/work/23_7_2431.c
/home/linux/Documents/work/83_FindStrWord.c
/home/linux/Documents/work/26_strlen.c
/home/linux/Documents/work/Cptxt.out
/home/linux/Documents/work/85_memcpy.c
/home/linux/Documents/work/24_7_anFeiBoNaQie.c
/home/linux/Documents/work/812_Media
/home/linux/Documents/work/CheckOld.log
/home/linux/Documents/work/dict.out
/home/linux/Documents/work/.24_7_sumSn.c.swp
/home/linux/Documents/work/26_abccbaHeadTail.c
/home/linux/Documents/work/file.txt
/home/linux/Documents/work/history.log
/home/linux/Documents/work/.83_NumPowerMod.c.swo
/home/linux/Documents/work/810_dict.c
/home/linux/Documents/work/81_ArounStu.c
/home/linux/Documents/work/26_strcat.c
/home/linux/Documents/work/31_StructStudentInfo.c
/home/linux/Documents/work/28_pstrcmp.c
/home/linux/Documents/work/30_an3+3mul3.c
/home/linux/Documents/work/810_ioCp.c
/home/linux/Documents/work/Mode.c
/home/linux/Documents/work/85_CutWordInfo.c
/home/linux/Documents/work/87_CrackerStudentInfo.c
/home/linux/Documents/work/30_fineNumtoan.c
/home/linux/Documents/work/81_LinkListArounStu.c
/home/linux/Documents/work/29_yearmoonday.c
/home/linux/Documents/work/26_a[n][n]minmax.c
/home/linux/Documents/work/82_MallocStudentPrint.c
/home/linux/Documents/work/31_strCalculat.c
/home/linux/Documents/work/29_abMinMul.c
/home/linux/Documents/work/88_Wc.c
/home/linux/Documents/work/86_123321.c
/home/linux/Documents/work/810_Cnt_n.c
/home/linux/Documents/work/26_strcmp.c
/home/linux/Documents/work/86_123321_bak.c
/home/linux/Documents/work/28_pstrcpy.c
/home/linux/Documents/work/87_FindStrWord.c
/home/linux/Documents/work/81_ReWord_bak.c
/home/linux/Documents/work/dict.txt
/home/linux/Documents/work/24_7_6%38.c
/home/linux/Documents/work/31_strCalculate_bak.c
/home/linux/Documents/work/88_Cptxt.c
/home/linux/Documents/work/31_StructStudentInfo_bak.c
/home/linux/Documents/work/81_CntWord.c
/home/linux/Documents/work/CheckNew.log
/home/linux/Documents/work/.23_7_2431.c.swp
/home/linux/Documents/work/26_strcpy.c
/home/linux/Documents/work/25_score.c
/home/linux/Documents/work/812_Ls
/home/linux/Documents/work/812_Ls/jkl
/home/linux/Documents/work/812_Ls/Ls.out
/home/linux/Documents/work/812_Ls/812_filestat.c
/home/linux/Documents/work/812_Ls/head.h
/home/linux/Documents/work/812_Ls/812_dirlist.c
/home/linux/Documents/work/812_Ls/a.out
/home/linux/Documents/work/86_ChangeStrWord.c
/home/linux/Documents/work/28_pstrlen.c
/home/linux/Documents/work/28_pabccba.c
/home/linux/Documents/work/25_123321.c
/home/linux/Documents/work/23_7_2431.c
/home/linux/Documents/work/83_FindStrWord.c
/home/linux/Documents/work/26_strlen.c
/home/linux/Documents/work/Cptxt.out
/home/linux/Documents/work/85_memcpy.c
/home/linux/Documents/work/24_7_anFeiBoNaQie.c
/home/linux/Documents/work/812_Media
/home/linux/Documents/work/CheckOld.log
/home/linux/Documents/work/dict.out
/home/linux/Documents/work/.24_7_sumSn.c.swp
/home/linux/Documents/work/26_abccbaHeadTail.c
/home/linux/Documents/work/file.txt
/home/linux/Documents/work/history.log
/home/linux/Documents/work/.83_NumPowerMod.c.swo
/home/linux/Documents/work/810_dict.c
/home/linux/Documents/work/81_ArounStu.c
/home/linux/Documents/work/26_strcat.c
/home/linux/Documents/work/31_StructStudentInfo.c
/home/linux/Documents/work/28_pstrcmp.c
/home/linux/Documents/work/30_an3+3mul3.c
/home/linux/Documents/work/810_ioCp.c
/home/linux/Documents/work/Mode.c
/home/linux/Documents/work/85_CutWordInfo.c
/home/linux/Documents/work/87_CrackerStudentInfo.c
/home/linux/Documents/work/30_fineNumtoan.c
/home/linux/Documents/work/81_LinkListArounStu.c
/home/linux/Documents/work/29_yearmoonday.c
/home/linux/Documents/work/26_a[n][n]minmax.c
/home/linux/Documents/work/82_MallocStudentPrint.c
/home/linux/Documents/work/31_strCalculat.c
/home/linux/Documents/work/29_abMinMul.c
/home/linux/Documents/work/88_Wc.c
/home/linux/Documents/work/86_123321.c
/home/linux/Documents/work/810_Cnt_n.c
/home/linux/Documents/work/26_strcmp.c
/home/linux/Documents/work/86_123321_bak.c
/home/linux/Documents/work/28_pstrcpy.c
/home/linux/Documents/work/87_FindStrWord.c
/home/linux/Documents/work/81_ReWord_bak.c
/home/linux/Documents/work/dict.txt
/home/linux/Documents/work/24_7_6%38.c
/home/linux/Documents/work/31_strCalculate_bak.c
/home/linux/Documents/work/88_Cptxt.c
/home/linux/Documents/work/31_StructStudentInfo_bak.c
/home/linux/Documents/work/81_CntWord.c
/home/linux/Documents/work/CheckNew.log
/home/linux/Documents/work/.23_7_2431.c.swp
/home/linux/Documents/work/26_strcpy.c
/home/linux/Documents/work/25_score.c
/home/linux/Documents/work/812_Ls
/home/linux/Documents/work/814_MiniShell/src/myls.c
/home/linux/Documents/work/814_MiniShell/src/exit.o
/home/linux/Documents/work/814_MiniShell/src/Untitled Folder
/home/linux/Documents/work/814_MiniShell/src
/home/linux/Documents/work/86_ChangeStrWord.c
/home/linux/Documents/work/28_pstrlen.c
/home/linux/Documents/work/28_pabccba.c
/home/linux/Documents/work/25_123321.c
/home/linux/Documents/work/23_7_2431.c
/home/linux/Documents/work/83_FindStrWord.c
/home/linux/Documents/work/26_strlen.c
/home/linux/Documents/work/Cptxt.out
/home/linux/Documents/work/85_memcpy.c
/home/linux/Documents/work/24_7_anFeiBoNaQie.c
/home/linux/Documents/work/812_Media
/home/linux/Documents/work/CheckOld.log
/home/linux/Documents/work/dict.out
/home/linux/Documents/work/.24_7_sumSn.c.swp
/home/linux/Documents/work/26_abccbaHeadTail.c
/home/linux/Documents/work/file.txt
/home/linux/Documents/work/history.log
/home/linux/Documents/work/.83_NumPowerMod.c.swo
/home/linux/Documents/work/810_dict.c
/home/linux/Documents/work/81_ArounStu.c
/home/linux/Documents/work/26_strcat.c
/home/linux/Documents/work/31_StructStudentInfo.c
/home/linux/Documents/work/28_pstrcmp.c
/home/linux/Documents/work/30_an3+3mul3.c
/home/linux/Documents/work/810_ioCp.c
/home/linux/Documents/work/Mode.c
/home/linux/Documents/work/85_CutWordInfo.c
/home/linux/Documents/work/87_CrackerStudentInfo.c
/home/linux/Documents/work/30_fineNumtoan.c
/home/linux/Documents/work/81_LinkListArounStu.c
/home/linux/Documents/work/29_yearmoonday.c
/home/linux/Documents/work/26_a[n][n]minmax.c
/home/linux/Documents/work/82_MallocStudentPrint.c
/home/linux/Documents/work/31_strCalculat.c
/home/linux/Documents/work/29_abMinMul.c
/home/linux/Documents/work/88_Wc.c
/home/linux/Documents/work/86_123321.c
/home/linux/Documents/work/810_Cnt_n.c
/home/linux/Documents/work/26_strcmp.c
/home/linux/Documents/work/86_123321_bak.c
/home/linux/Documents/work/28_pstrcpy.c
/home/linux/Documents/work/87_FindStrWord.c
/home/linux/Documents/work/81_ReWord_bak.c
/home/linux/Documents/work/dict.txt
/home/linux/Documents/work/24_7_6%38.c
/home/linux/Documents/work/31_strCalculate_bak.c
/home/linux/Documents/work/88_Cptxt.c
/home/linux/Documents/work/31_StructStudentInfo_bak.c
/home/linux/Documents/work/81_CntWord.c
/home/linux/Documents/work/CheckNew.log
/home/linux/Documents/work/.23_7_2431.c.swp
/home/linux/Documents/work/26_strcpy.c
/home/linux/Documents/work/25_score.c
/home/linux/Documents/work/812_Ls
/home/linux/Documents/work/83_NumPowerMod.c
/home/linux/Documents/work/814_MiniShell
/home/linux/Documents/work/814_MiniShell/src/myls.c
/home/linux/Documents/work/814_MiniShell/src/exit.o
/home/linux/Documents/work/814_MiniShell/src/Untitled Folder
/home/linux/Documents/work/814_MiniShell/src/mycp.o
/home/linux/Documents/work/814_MiniShell/src/myrm.c
/home/linux/Documents/work/814_MiniShell/src/mypwd.o
/home/linux/Documents/work/814_MiniShell/src/myls.o
/home/linux/Documents/work/814_MiniShell/src/history.log
/home/linux/Documents/work/814_MiniShell/src/mymv.o
/home/linux/Documents/work/814_MiniShell/src/mychmod.c
/home/linux/Documents/work/814_MiniShell/src/miniShell.out
/home/linux/Documents/work/814_MiniShell/src/myrmdir.c
/home/linux/Documents/work/814_MiniShell/src/mymkdir.c
/home/linux/Documents/work/814_MiniShell/src/mychmod.o
/home/linux/Documents/work/814_MiniShell/src/mycd.o
/home/linux/Documents/work/814_MiniShell/src/command.c
/home/linux/Documents/work/814_MiniShell/src/mycp.c
/home/linux/Documents/work/814_MiniShell/src/myln.c
/home/linux/Documents/work/814_MiniShell/src/mycat.c
/home/linux/Documents/work/814_MiniShell/src/mytouch.c
/home/linux/Documents/work/814_MiniShell/src/exit.c
/home/linux/Documents/work/814_MiniShell/src/mycd.c
/home/linux/Documents/work/814_MiniShell/src/myrmdir.o
/home/linux/Documents/work/814_MiniShell/src/myln.o
/home/linux/Documents/work/814_MiniShell/src/Makefile
/home/linux/Documents/work/814_MiniShell/src/command.o
/home/linux/Documents/work/814_MiniShell/src/main.c
/home/linux/Documents/work/814_MiniShell/src/mytouch.o
/home/linux/Documents/work/814_MiniShell/src/myfind.o
/home/linux/Documents/work/814_MiniShell/src/myrm.o
/home/linux/Documents/work/814_MiniShell/src/history.o
/home/linux/Documents/work/814_MiniShell/src/myfind.c
/home/linux/Documents/work/814_MiniShell/src/mycat.o
/home/linux/Documents/work/814_MiniShell/src/main.o
/home/linux/Documents/work/814_MiniShell/src/mymv.c
/home/linux/Documents/work/814_MiniShell/src/mymkdir.o
/home/linux/Documents/work/814_MiniShell/src/mypwd.c
/home/linux/Documents/work/814_MiniShell/src/history.c
/home/linux/Documents/work/814_MiniShell/src
/home/linux/Documents/work/86_ChangeStrWord.c
/home/linux/Documents/work/28_pstrlen.c
/home/linux/Documents/work/28_pabccba.c
/home/linux/Documents/work/25_123321.c
/home/linux/Documents/work/23_7_2431.c
/home/linux/Documents/work/83_FindStrWord.c
/home/linux/Documents/work/26_strlen.c
/home/linux/Documents/work/Cptxt.out
/home/linux/Documents/work/85_memcpy.c
/home/linux/Documents/work/24_7_anFeiBoNaQie.c
/home/linux/Documents/work/812_Media
/home/linux/Documents/work/CheckOld.log
/home/linux/Documents/work/dict.out
/home/linux/Documents/work/.24_7_sumSn.c.swp
/home/linux/Documents/work/26_abccbaHeadTail.c
/home/linux/Documents/work/file.txt
/home/linux/Documents/work/history.log
/home/linux/Documents/work/.83_NumPowerMod.c.swo
/home/linux/Documents/work/810_dict.c
/home/linux/Documents/work/81_ArounStu.c
/home/linux/Documents/work/26_strcat.c
/home/linux/Documents/work/31_StructStudentInfo.c
/home/linux/Documents/work/28_pstrcmp.c
/home/linux/Documents/work/30_an3+3mul3.c
/home/linux/Documents/work/810_ioCp.c
/home/linux/Documents/work/Mode.c
/home/linux/Documents/work/85_CutWordInfo.c
/home/linux/Documents/work/87_CrackerStudentInfo.c
/home/linux/Documents/work/30_fineNumtoan.c
/home/linux/Documents/work/81_LinkListArounStu.c
/home/linux/Documents/work/29_yearmoonday.c
/home/linux/Documents/work/26_a[n][n]minmax.c
/home/linux/Documents/work/82_MallocStudentPrint.c
/home/linux/Documents/work/31_strCalculat.c
/home/linux/Documents/work/29_abMinMul.c
/home/linux/Documents/work/88_Wc.c
/home/linux/Documents/work/86_123321.c
/home/linux/Documents/work/810_Cnt_n.c
/home/linux/Documents/work/26_strcmp.c
/home/linux/Documents/work/86_123321_bak.c
/home/linux/Documents/work/28_pstrcpy.c
/home/linux/Documents/work/87_FindStrWord.c
/home/linux/Documents/work/81_ReWord_bak.c
/home/linux/Documents/work/dict.txt
/home/linux/Documents/work/24_7_6%38.c
/home/linux/Documents/work/31_strCalculate_bak.c
/home/linux/Documents/work/88_Cptxt.c
/home/linux/Documents/work/31_StructStudentInfo_bak.c
/home/linux/Documents/work/81_CntWord.c
/home/linux/Documents/work/CheckNew.log
/home/linux/Documents/work/.23_7_2431.c.swp
/home/linux/Documents/work/26_strcpy.c
/home/linux/Documents/work/25_score.c
/home/linux/Documents/work/812_Ls
/home/linux/Documents/work/83_NumPowerMod.c
/home/linux/Documents/work/814_MiniShell
/home/linux/Documents/work/814_MiniShell/include/main.h
/home/linux/Documents/work/814_MiniShell/include/mycat.h
/home/linux/Documents/work/814_MiniShell/include/exit.h
/home/linux/Documents/work/814_MiniShell/include/command.h
/home/linux/Documents/work/814_MiniShell/include/myln.h
/home/linux/Documents/work/814_MiniShell/include/mycp.h
/home/linux/Documents/work/814_MiniShell/include/public.h
/home/linux/Documents/work/814_MiniShell/include/mychmod.h
/home/linux/Documents/work/814_MiniShell/include/mymkdir.h
/home/linux/Documents/work/814_MiniShell/include/myrm.h
/home/linux/Documents/work/814_MiniShell/include/mypwd.h
/home/linux/Documents/work/814_MiniShell/include/myls.h
/home/linux/Documents/work/814_MiniShell/include/myfind.h
/home/linux/Documents/work/814_MiniShell/include/mycd.h
/home/linux/Documents/work/814_MiniShell/include/mymv.h
/home/linux/Documents/work/814_MiniShell/include/mytouch.h
/home/linux/Documents/work/814_MiniShell/include/myrmdir.h
/home/linux/Documents/work/814_MiniShell/include/history.h
/home/linux/Documents/work/814_MiniShell/src
/home/linux/Documents/work/814_MiniShell/history.log
/home/linux/Documents/work/814_MiniShell/include
/home/linux/Documents/work/86_ChangeStrWord.c
/home/linux/Documents/work/28_pstrlen.c
/home/linux/Documents/work/28_pabccba.c
/home/linux/Documents/work/25_123321.c
/home/linux/Documents/work/23_7_2431.c
/home/linux/Documents/work/83_FindStrWord.c
/home/linux/Documents/work/26_strlen.c
/home/linux/Documents/work/Cptxt.out
/home/linux/Documents/work/85_memcpy.c
/home/linux/Documents/work/24_7_anFeiBoNaQie.c
/home/linux/Documents/work/812_Media
/home/linux/Documents/work/CheckOld.log
/home/linux/Documents/work/dict.out
/home/linux/Documents/work/.24_7_sumSn.c.swp
/home/linux/Documents/work/26_abccbaHeadTail.c
/home/linux/Documents/work/file.txt
/home/linux/Documents/work/history.log
/home/linux/Documents/work/.83_NumPowerMod.c.swo
/home/linux/Documents/work/810_dict.c
/home/linux/Documents/work/81_ArounStu.c
/home/linux/Documents/work/26_strcat.c
/home/linux/Documents/work/31_StructStudentInfo.c
/home/linux/Documents/work/28_pstrcmp.c
/home/linux/Documents/work/30_an3+3mul3.c
/home/linux/Documents/work/810_ioCp.c
/home/linux/Documents/work/Mode.c
/home/linux/Documents/work/85_CutWordInfo.c
/home/linux/Documents/work/87_CrackerStudentInfo.c
/home/linux/Documents/work/30_fineNumtoan.c
/home/linux/Documents/work/81_LinkListArounStu.c
/home/linux/Documents/work/29_yearmoonday.c
/home/linux/Documents/work/26_a[n][n]minmax.c
/home/linux/Documents/work/82_MallocStudentPrint.c
/home/linux/Documents/work/31_strCalculat.c
/home/linux/Documents/work/29_abMinMul.c
/home/linux/Documents/work/88_Wc.c
/home/linux/Documents/work/86_123321.c
/home/linux/Documents/work/810_Cnt_n.c
/home/linux/Documents/work/26_strcmp.c
/home/linux/Documents/work/86_123321_bak.c
/home/linux/Documents/work/28_pstrcpy.c
/home/linux/Documents/work/87_FindStrWord.c
/home/linux/Documents/work/81_ReWord_bak.c
/home/linux/Documents/work/dict.txt
/home/linux/Documents/work/24_7_6%38.c
/home/linux/Documents/work/31_strCalculate_bak.c
/home/linux/Documents/work/88_Cptxt.c
/home/linux/Documents/work/31_StructStudentInfo_bak.c
/home/linux/Documents/work/81_CntWord.c
/home/linux/Documents/work/CheckNew.log
/home/linux/Documents/work/.23_7_2431.c.swp
/home/linux/Documents/work/26_strcpy.c
/home/linux/Documents/work/25_score.c
/home/linux/Documents/work/812_Ls
/home/linux/Documents/work/83_NumPowerMod.c
/home/linux/Documents/work/814_MiniShell
/home/linux/Documents/work/814_MiniShell/src
/home/linux/Documents/work/814_MiniShell/history.log
/home/linux/Documents/work/814_MiniShell/include
/home/linux/Documents/work/86_ChangeStrWord.c
/home/linux/Documents/work/28_pstrlen.c
/home/linux/Documents/work/28_pabccba.c
/home/linux/Documents/work/25_123321.c
/home/linux/Documents/work/23_7_2431.c
/home/linux/Documents/work/83_FindStrWord.c
/home/linux/Documents/work/26_strlen.c
/home/linux/Documents/work/Cptxt.out
/home/linux/Documents/work/85_memcpy.c
/home/linux/Documents/work/24_7_anFeiBoNaQie.c
/home/linux/Documents/work/812_Media
/home/linux/Documents/work/CheckOld.log
/home/linux/Documents/work/dict.out
/home/linux/Documents/work/.24_7_sumSn.c.swp
/home/linux/Documents/work/26_abccbaHeadTail.c
/home/linux/Documents/work/file.txt
/home/linux/Documents/work/history.log
/home/linux/Documents/work/.83_NumPowerMod.c.swo
/home/linux/Documents/work/810_dict.c
/home/linux/Documents/work/81_ArounStu.c
/home/linux/Documents/work/26_strcat.c
/home/linux/Documents/work/31_StructStudentInfo.c
/home/linux/Documents/work/28_pstrcmp.c
/home/linux/Documents/work/30_an3+3mul3.c
/home/linux/Documents/work/810_ioCp.c
/home/linux/Documents/work/Mode.c
/home/linux/Documents/work/85_CutWordInfo.c
/home/linux/Documents/work/87_CrackerStudentInfo.c
/home/linux/Documents/work/30_fineNumtoan.c
/home/linux/Documents/work/81_LinkListArounStu.c
/home/linux/Documents/work/29_yearmoonday.c
/home/linux/Documents/work/26_a[n][n]minmax.c
/home/linux/Documents/work/82_MallocStudentPrint.c
/home/linux/Documents/work/31_strCalculat.c
/home/linux/Documents/work/29_abMinMul.c
/home/linux/Documents/work/88_Wc.c
/home/linux/Documents/work/86_123321.c
/home/linux/Documents/work/810_Cnt_n.c
/home/linux/Documents/work/26_strcmp.c
/home/linux/Documents/work/86_123321_bak.c
/home/linux/Documents/work/28_pstrcpy.c
/home/linux/Documents/work/87_FindStrWord.c
/home/linux/Documents/work/81_ReWord_bak.c
/home/linux/Documents/work/dict.txt
/home/linux/Documents/work/24_7_6%38.c
/home/linux/Documents/work/31_strCalculate_bak.c
/home/linux/Documents/work/88_Cptxt.c
/home/linux/Documents/work/31_StructStudentInfo_bak.c
/home/linux/Documents/work/81_CntWord.c
/home/linux/Documents/work/CheckNew.log
/home/linux/Documents/work/.23_7_2431.c.swp
/home/linux/Documents/work/26_strcpy.c
/home/linux/Documents/work/25_score.c
/home/linux/Documents/work/812_Ls
/home/linux/Documents/work/83_NumPowerMod.c
/home/linux/Documents/work/814_MiniShell
/home/linux/Documents/work/class/jkl/1
/home/linux/Documents/work/class/jkl/812_filestat.c
/home/linux/Documents/work/class/jkl/812_dirlist.c
/home/linux/Documents/work/class/myls.c
/home/linux/Documents/work/class/jkl
/home/linux/Documents/work/86_ChangeStrWord.c
/home/linux/Documents/work/28_pstrlen.c
/home/linux/Documents/work/28_pabccba.c
/home/linux/Documents/work/25_123321.c
/home/linux/Documents/work/23_7_2431.c
/home/linux/Documents/work/83_FindStrWord.c
/home/linux/Documents/work/26_strlen.c
/home/linux/Documents/work/Cptxt.out
/home/linux/Documents/work/85_memcpy.c
/home/linux/Documents/work/24_7_anFeiBoNaQie.c
/home/linux/Documents/work/812_Media
/home/linux/Documents/work/CheckOld.log
/home/linux/Documents/work/dict.out
/home/linux/Documents/work/.24_7_sumSn.c.swp
/home/linux/Documents/work/26_abccbaHeadTail.c
/home/linux/Documents/work/file.txt
/home/linux/Documents/work/history.log
/home/linux/Documents/work/.83_NumPowerMod.c.swo
/home/linux/Documents/work/810_dict.c
/home/linux/Documents/work/81_ArounStu.c
/home/linux/Documents/work/26_strcat.c
/home/linux/Documents/work/31_StructStudentInfo.c
/home/linux/Documents/work/28_pstrcmp.c
/home/linux/Documents/work/30_an3+3mul3.c
/home/linux/Documents/work/810_ioCp.c
/home/linux/Documents/work/Mode.c
/home/linux/Documents/work/85_CutWordInfo.c
/home/linux/Documents/work/87_CrackerStudentInfo.c
/home/linux/Documents/work/30_fineNumtoan.c
/home/linux/Documents/work/81_LinkListArounStu.c
/home/linux/Documents/work/29_yearmoonday.c
/home/linux/Documents/work/26_a[n][n]minmax.c
/home/linux/Documents/work/82_MallocStudentPrint.c
/home/linux/Documents/work/31_strCalculat.c
/home/linux/Documents/work/29_abMinMul.c
/home/linux/Documents/work/88_Wc.c
/home/linux/Documents/work/86_123321.c
/home/linux/Documents/work/810_Cnt_n.c
/home/linux/Documents/work/26_strcmp.c
/home/linux/Documents/work/86_123321_bak.c
/home/linux/Documents/work/28_pstrcpy.c
/home/linux/Documents/work/87_FindStrWord.c
/home/linux/Documents/work/81_ReWord_bak.c
/home/linux/Documents/work/dict.txt
/home/linux/Documents/work/24_7_6%38.c
/home/linux/Documents/work/31_strCalculate_bak.c
/home/linux/Documents/work/88_Cptxt.c
/home/linux/Documents/work/31_StructStudentInfo_bak.c
/home/linux/Documents/work/81_CntWord.c
/home/linux/Documents/work/CheckNew.log
/home/linux/Documents/work/.23_7_2431.c.swp
/home/linux/Documents/work/26_strcpy.c
/home/linux/Documents/work/25_score.c
/home/linux/Documents/work/812_Ls
/home/linux/Documents/work/83_NumPowerMod.c
/home/linux/Documents/work/814_MiniShell
/home/linux/Documents/work/816_fork.c
/home/linux/Documents/work/82_TwoPrimeNum.c
/home/linux/Documents/work/81_ReWord.c
/home/linux/Documents/work/26_123-6.c
/home/linux/Documents/work/28_pstrcat.c
/home/linux/Documents/work/810_ioCnt_n.c
/home/linux/Documents/work/81_ListArounStu.c
/home/linux/Documents/work/30_StrToNum.c
/home/linux/Documents/work/26_abccba.c
/home/linux/Documents/work/86_123321_bak2.c
/home/linux/Documents/work/25_n561234.c
/home/linux/Documents/work/Wc.out
/home/linux/Documents/work/81_SumLongLongLongNumStr.c
/home/linux/Documents/work/Cp.out
/home/linux/Documents/work/class
/home/linux/Documents/work/class/myls.c
/home/linux/Documents/work/class/jkl
/home/linux/Documents/work/class/Ls.out
/home/linux/Documents/work/class/public.h
/home/linux/Documents/work/class/myls.h
/home/linux/Documents/work/class/head.h
/home/linux/Documents/work/class/a.out
/home/linux/Documents/work/86_ChangeStrWord.c
/home/linux/Documents/work/28_pstrlen.c
/home/linux/Documents/work/28_pabccba.c
/home/linux/Documents/work/25_123321.c
/home/linux/Documents/work/23_7_2431.c
/home/linux/Documents/work/83_FindStrWord.c
/home/linux/Documents/work/26_strlen.c
/home/linux/Documents/work/Cptxt.out
/home/linux/Documents/work/85_memcpy.c
/home/linux/Documents/work/24_7_anFeiBoNaQie.c
/home/linux/Documents/work/812_Media
/home/linux/Documents/work/CheckOld.log
/home/linux/Documents/work/dict.out
/home/linux/Documents/work/.24_7_sumSn.c.swp
/home/linux/Documents/work/26_abccbaHeadTail.c
/home/linux/Documents/work/file.txt
/home/linux/Documents/work/history.log
/home/linux/Documents/work/.83_NumPowerMod.c.swo
/home/linux/Documents/work/810_dict.c
/home/linux/Documents/work/81_ArounStu.c
/home/linux/Documents/work/26_strcat.c
/home/linux/Documents/work/31_StructStudentInfo.c
/home/linux/Documents/work/28_pstrcmp.c
/home/linux/Documents/work/30_an3+3mul3.c
/home/linux/Documents/work/810_ioCp.c
/home/linux/Documents/work/Mode.c
/home/linux/Documents/work/85_CutWordInfo.c
/home/linux/Documents/work/87_CrackerStudentInfo.c
/home/linux/Documents/work/30_fineNumtoan.c
/home/linux/Documents/work/81_LinkListArounStu.c
/home/linux/Documents/work/29_yearmoonday.c
/home/linux/Documents/work/26_a[n][n]minmax.c
/home/linux/Documents/work/82_MallocStudentPrint.c
/home/linux/Documents/work/31_strCalculat.c
/home/linux/Documents/work/29_abMinMul.c
/home/linux/Documents/work/88_Wc.c
/home/linux/Documents/work/86_123321.c
/home/linux/Documents/work/810_Cnt_n.c
/home/linux/Documents/work/26_strcmp.c
/home/linux/Documents/work/86_123321_bak.c
/home/linux/Documents/work/28_pstrcpy.c
/home/linux/Documents/work/87_FindStrWord.c
/home/linux/Documents/work/81_ReWord_bak.c
/home/linux/Documents/work/dict.txt
/home/linux/Documents/work/24_7_6%38.c
/home/linux/Documents/work/31_strCalculate_bak.c
/home/linux/Documents/work/88_Cptxt.c
/home/linux/Documents/work/31_StructStudentInfo_bak.c
/home/linux/Documents/work/81_CntWord.c
/home/linux/Documents/work/CheckNew.log
/home/linux/Documents/work/.23_7_2431.c.swp
/home/linux/Documents/work/26_strcpy.c
/home/linux/Documents/work/25_score.c
/home/linux/Documents/work/812_Ls
/home/linux/Documents/work/83_NumPowerMod.c
/home/linux/Documents/work/814_MiniShell
/home/linux/Documents/work/816_fork.c
/home/linux/Documents/work/82_TwoPrimeNum.c
/home/linux/Documents/work/81_ReWord.c
/home/linux/Documents/work/26_123-6.c
/home/linux/Documents/work/28_pstrcat.c
/home/linux/Documents/work/810_ioCnt_n.c
/home/linux/Documents/work/81_ListArounStu.c
/home/linux/Documents/work/30_StrToNum.c
/home/linux/Documents/work/26_abccba.c
/home/linux/Documents/work/86_123321_bak2.c
/home/linux/Documents/work/25_n561234.c
/home/linux/Documents/work/Wc.out
/home/linux/Documents/work/81_SumLongLongLongNumStr.c
/home/linux/Documents/work/Cp.out
/home/linux/Documents/work/class
/home/linux/Documents/work/817_minishell_forksystem/src/exit.o
/home/linux/Documents/work/817_minishell_forksystem/src/CheckOld.log
/home/linux/Documents/work/817_minishell_forksystem/src/mysystem.c
/home/linux/Documents/work/817_minishell_forksystem/src/mycd.o
/home/linux/Documents/work/817_minishell_forksystem/src/MiniShell.out
/home/linux/Documents/work/817_minishell_forksystem/src/command.c
/home/linux/Documents/work/817_minishell_forksystem/src/check.c
/home/linux/Documents/work/817_minishell_forksystem/src/exit.c
/home/linux/Documents/work/817_minishell_forksystem/src/.check.c.swp
/home/linux/Documents/work/817_minishell_forksystem/src/mycd.c
/home/linux/Documents/work/817_minishell_forksystem/src/CheckNew.log
/home/linux/Documents/work/817_minishell_forksystem/src/check.o
/home/linux/Documents/work/817_minishell_forksystem/src/Makefile
/home/linux/Documents/work/817_minishell_forksystem/src/command.o
/home/linux/Documents/work/817_minishell_forksystem/src/main.c
/home/linux/Documents/work/817_minishell_forksystem/src/mysystem.o
/home/linux/Documents/work/817_minishell_forksystem/src/history.o
/home/linux/Documents/work/817_minishell_forksystem/src/main.o
/home/linux/Documents/work/817_minishell_forksystem/src/history.c
/home/linux/Documents/work/817_minishell_forksystem/src
/home/linux/Documents/work/86_ChangeStrWord.c
/home/linux/Documents/work/28_pstrlen.c
/home/linux/Documents/work/28_pabccba.c
/home/linux/Documents/work/25_123321.c
/home/linux/Documents/work/23_7_2431.c
/home/linux/Documents/work/83_FindStrWord.c
/home/linux/Documents/work/26_strlen.c
/home/linux/Documents/work/Cptxt.out
/home/linux/Documents/work/85_memcpy.c
/home/linux/Documents/work/24_7_anFeiBoNaQie.c
/home/linux/Documents/work/812_Media
/home/linux/Documents/work/CheckOld.log
/home/linux/Documents/work/dict.out
/home/linux/Documents/work/.24_7_sumSn.c.swp
/home/linux/Documents/work/26_abccbaHeadTail.c
/home/linux/Documents/work/file.txt
/home/linux/Documents/work/history.log
/home/linux/Documents/work/.83_NumPowerMod.c.swo
/home/linux/Documents/work/810_dict.c
/home/linux/Documents/work/81_ArounStu.c
/home/linux/Documents/work/26_strcat.c
/home/linux/Documents/work/31_StructStudentInfo.c
/home/linux/Documents/work/28_pstrcmp.c
/home/linux/Documents/work/30_an3+3mul3.c
/home/linux/Documents/work/810_ioCp.c
/home/linux/Documents/work/Mode.c
/home/linux/Documents/work/85_CutWordInfo.c
/home/linux/Documents/work/87_CrackerStudentInfo.c
/home/linux/Documents/work/30_fineNumtoan.c
/home/linux/Documents/work/81_LinkListArounStu.c
/home/linux/Documents/work/29_yearmoonday.c
/home/linux/Documents/work/26_a[n][n]minmax.c
/home/linux/Documents/work/82_MallocStudentPrint.c
/home/linux/Documents/work/31_strCalculat.c
/home/linux/Documents/work/29_abMinMul.c
/home/linux/Documents/work/88_Wc.c
/home/linux/Documents/work/86_123321.c
/home/linux/Documents/work/810_Cnt_n.c
/home/linux/Documents/work/26_strcmp.c
/home/linux/Documents/work/86_123321_bak.c
/home/linux/Documents/work/28_pstrcpy.c
/home/linux/Documents/work/87_FindStrWord.c
/home/linux/Documents/work/81_ReWord_bak.c
/home/linux/Documents/work/dict.txt
/home/linux/Documents/work/24_7_6%38.c
/home/linux/Documents/work/31_strCalculate_bak.c
/home/linux/Documents/work/88_Cptxt.c
/home/linux/Documents/work/31_StructStudentInfo_bak.c
/home/linux/Documents/work/81_CntWord.c
/home/linux/Documents/work/CheckNew.log
/home/linux/Documents/work/.23_7_2431.c.swp
/home/linux/Documents/work/26_strcpy.c
/home/linux/Documents/work/25_score.c
/home/linux/Documents/work/812_Ls
/home/linux/Documents/work/83_NumPowerMod.c
/home/linux/Documents/work/814_MiniShell
/home/linux/Documents/work/816_fork.c
/home/linux/Documents/work/82_TwoPrimeNum.c
/home/linux/Documents/work/81_ReWord.c
/home/linux/Documents/work/26_123-6.c
/home/linux/Documents/work/28_pstrcat.c
/home/linux/Documents/work/810_ioCnt_n.c
/home/linux/Documents/work/81_ListArounStu.c
/home/linux/Documents/work/30_StrToNum.c
/home/linux/Documents/work/26_abccba.c
/home/linux/Documents/work/86_123321_bak2.c
/home/linux/Documents/work/25_n561234.c
/home/linux/Documents/work/Wc.out
/home/linux/Documents/work/81_SumLongLongLongNumStr.c
/home/linux/Documents/work/Cp.out
/home/linux/Documents/work/class
/home/linux/Documents/work/test.txt
/home/linux/Documents/work/23_7_21.c
/home/linux/Documents/work/a.out
/home/linux/Documents/work/817_minishell_forksystem
/home/linux/Documents/work/817_minishell_forksystem/include/main.h
/home/linux/Documents/work/817_minishell_forksystem/include/exit.h
/home/linux/Documents/work/817_minishell_forksystem/include/command.h
/home/linux/Documents/work/817_minishell_forksystem/include/check.h
/home/linux/Documents/work/817_minishell_forksystem/include/public.h
/home/linux/Documents/work/817_minishell_forksystem/include/mysystem.h
/home/linux/Documents/work/817_minishell_forksystem/include/mycd.h
/home/linux/Documents/work/817_minishell_forksystem/include/history.h
/home/linux/Documents/work/817_minishell_forksystem/src
/home/linux/Documents/work/817_minishell_forksystem/include
/home/linux/Documents/work/86_ChangeStrWord.c
/home/linux/Documents/work/28_pstrlen.c
/home/linux/Documents/work/28_pabccba.c
/home/linux/Documents/work/25_123321.c
/home/linux/Documents/work/23_7_2431.c
/home/linux/Documents/work/83_FindStrWord.c
/home/linux/Documents/work/26_strlen.c
/home/linux/Documents/work/Cptxt.out
/home/linux/Documents/work/85_memcpy.c
/home/linux/Documents/work/24_7_anFeiBoNaQie.c
/home/linux/Documents/work/812_Media
/home/linux/Documents/work/CheckOld.log
/home/linux/Documents/work/dict.out
/home/linux/Documents/work/.24_7_sumSn.c.swp
/home/linux/Documents/work/26_abccbaHeadTail.c
/home/linux/Documents/work/file.txt
/home/linux/Documents/work/history.log
/home/linux/Documents/work/.83_NumPowerMod.c.swo
/home/linux/Documents/work/810_dict.c
/home/linux/Documents/work/81_ArounStu.c
/home/linux/Documents/work/26_strcat.c
/home/linux/Documents/work/31_StructStudentInfo.c
/home/linux/Documents/work/28_pstrcmp.c
/home/linux/Documents/work/30_an3+3mul3.c
/home/linux/Documents/work/810_ioCp.c
/home/linux/Documents/work/Mode.c
/home/linux/Documents/work/85_CutWordInfo.c
/home/linux/Documents/work/87_CrackerStudentInfo.c
/home/linux/Documents/work/30_fineNumtoan.c
/home/linux/Documents/work/81_LinkListArounStu.c
/home/linux/Documents/work/29_yearmoonday.c
/home/linux/Documents/work/26_a[n][n]minmax.c
/home/linux/Documents/work/82_MallocStudentPrint.c
/home/linux/Documents/work/31_strCalculat.c
/home/linux/Documents/work/29_abMinMul.c
/home/linux/Documents/work/88_Wc.c
/home/linux/Documents/work/86_123321.c
/home/linux/Documents/work/810_Cnt_n.c
/home/linux/Documents/work/26_strcmp.c
/home/linux/Documents/work/86_123321_bak.c
/home/linux/Documents/work/28_pstrcpy.c
/home/linux/Documents/work/87_FindStrWord.c
/home/linux/Documents/work/81_ReWord_bak.c
/home/linux/Documents/work/dict.txt
/home/linux/Documents/work/24_7_6%38.c
/home/linux/Documents/work/31_strCalculate_bak.c
/home/linux/Documents/work/88_Cptxt.c
/home/linux/Documents/work/31_StructStudentInfo_bak.c
/home/linux/Documents/work/81_CntWord.c
/home/linux/Documents/work/CheckNew.log
/home/linux/Documents/work/.23_7_2431.c.swp
/home/linux/Documents/work/26_strcpy.c
/home/linux/Documents/work/25_score.c
/home/linux/Documents/work/812_Ls
/home/linux/Documents/work/83_NumPowerMod.c
/home/linux/Documents/work/814_MiniShell
/home/linux/Documents/work/816_fork.c
/home/linux/Documents/work/82_TwoPrimeNum.c
/home/linux/Documents/work/81_ReWord.c
/home/linux/Documents/work/26_123-6.c
/home/linux/Documents/work/28_pstrcat.c
/home/linux/Documents/work/810_ioCnt_n.c
/home/linux/Documents/work/81_ListArounStu.c
/home/linux/Documents/work/30_StrToNum.c
/home/linux/Documents/work/26_abccba.c
/home/linux/Documents/work/86_123321_bak2.c
/home/linux/Documents/work/25_n561234.c
/home/linux/Documents/work/Wc.out
/home/linux/Documents/work/81_SumLongLongLongNumStr.c
/home/linux/Documents/work/Cp.out
/home/linux/Documents/work/class
/home/linux/Documents/work/test.txt
/home/linux/Documents/work/23_7_21.c
/home/linux/Documents/work/a.out
/home/linux/Documents/work/817_minishell_forksystem
/home/linux/Documents/work/817_minishell_forksystem/src
/home/linux/Documents/work/817_minishell_forksystem/include
/home/linux/Documents/work/86_ChangeStrWord.c
/home/linux/Documents/work/28_pstrlen.c
/home/linux/Documents/work/28_pabccba.c
/home/linux/Documents/work/25_123321.c
/home/linux/Documents/work/23_7_2431.c
/home/linux/Documents/work/83_FindStrWord.c
/home/linux/Documents/work/26_strlen.c
/home/linux/Documents/work/Cptxt.out
/home/linux/Documents/work/85_memcpy.c
/home/linux/Documents/work/24_7_anFeiBoNaQie.c
/home/linux/Documents/work/812_Media
/home/linux/Documents/work/CheckOld.log
/home/linux/Documents/work/dict.out
/home/linux/Documents/work/.24_7_sumSn.c.swp
/home/linux/Documents/work/26_abccbaHeadTail.c
/home/linux/Documents/work/file.txt
/home/linux/Documents/work/history.log
/home/linux/Documents/work/.83_NumPowerMod.c.swo
/home/linux/Documents/work/810_dict.c
/home/linux/Documents/work/81_ArounStu.c
/home/linux/Documents/work/26_strcat.c
/home/linux/Documents/work/31_StructStudentInfo.c
/home/linux/Documents/work/28_pstrcmp.c
/home/linux/Documents/work/30_an3+3mul3.c
/home/linux/Documents/work/810_ioCp.c
/home/linux/Documents/work/Mode.c
/home/linux/Documents/work/85_CutWordInfo.c
/home/linux/Documents/work/87_CrackerStudentInfo.c
/home/linux/Documents/work/30_fineNumtoan.c
/home/linux/Documents/work/81_LinkListArounStu.c
/home/linux/Documents/work/29_yearmoonday.c
/home/linux/Documents/work/26_a[n][n]minmax.c
/home/linux/Documents/work/82_MallocStudentPrint.c
/home/linux/Documents/work/31_strCalculat.c
/home/linux/Documents/work/29_abMinMul.c
/home/linux/Documents/work/88_Wc.c
/home/linux/Documents/work/86_123321.c
/home/linux/Documents/work/810_Cnt_n.c
/home/linux/Documents/work/26_strcmp.c
/home/linux/Documents/work/86_123321_bak.c
/home/linux/Documents/work/28_pstrcpy.c
/home/linux/Documents/work/87_FindStrWord.c
/home/linux/Documents/work/81_ReWord_bak.c
/home/linux/Documents/work/dict.txt
/home/linux/Documents/work/24_7_6%38.c
/home/linux/Documents/work/31_strCalculate_bak.c
/home/linux/Documents/work/88_Cptxt.c
/home/linux/Documents/work/31_StructStudentInfo_bak.c
/home/linux/Documents/work/81_CntWord.c
/home/linux/Documents/work/CheckNew.log
/home/linux/Documents/work/.23_7_2431.c.swp
/home/linux/Documents/work/26_strcpy.c
/home/linux/Documents/work/25_score.c
/home/linux/Documents/work/812_Ls
/home/linux/Documents/work/83_NumPowerMod.c
/home/linux/Documents/work/814_MiniShell
/home/linux/Documents/work/816_fork.c
/home/linux/Documents/work/82_TwoPrimeNum.c
/home/linux/Documents/work/81_ReWord.c
/home/linux/Documents/work/26_123-6.c
/home/linux/Documents/work/28_pstrcat.c
/home/linux/Documents/work/810_ioCnt_n.c
/home/linux/Documents/work/81_ListArounStu.c
/home/linux/Documents/work/30_StrToNum.c
/home/linux/Documents/work/26_abccba.c
/home/linux/Documents/work/86_123321_bak2.c
/home/linux/Documents/work/25_n561234.c
/home/linux/Documents/work/Wc.out
/home/linux/Documents/work/81_SumLongLongLongNumStr.c
/home/linux/Documents/work/Cp.out
/home/linux/Documents/work/class
/home/linux/Documents/work/test.txt
/home/linux/Documents/work/23_7_21.c
/home/linux/Documents/work/a.out
/home/linux/Documents/work/817_minishell_forksystem
/home/linux/Documents/work/86_ChangeStrWord.c
/home/linux/Documents/work/28_pstrlen.c
/home/linux/Documents/work/28_pabccba.c
/home/linux/Documents/work/25_123321.c
/home/linux/Documents/work/23_7_2431.c
/home/linux/Documents/work/83_FindStrWord.c
/home/linux/Documents/work/26_strlen.c
/home/linux/Documents/work/Cptxt.out
/home/linux/Documents/work/85_memcpy.c
/home/linux/Documents/work/24_7_anFeiBoNaQie.c
/home/linux/Documents/work/812_Media
/home/linux/Documents/work/CheckOld.log
/home/linux/Documents/work/dict.out
/home/linux/Documents/work/.24_7_sumSn.c.swp
/home/linux/Documents/work/26_abccbaHeadTail.c
/home/linux/Documents/work/file.txt
/home/linux/Documents/work/history.log
/home/linux/Documents/work/.83_NumPowerMod.c.swo
/home/linux/Documents/work/810_dict.c
/home/linux/Documents/work/81_ArounStu.c
/home/linux/Documents/work/26_strcat.c
/home/linux/Documents/work/31_StructStudentInfo.c
/home/linux/Documents/work/28_pstrcmp.c
/home/linux/Documents/work/30_an3+3mul3.c
/home/linux/Documents/work/810_ioCp.c
/home/linux/Documents/work/Mode.c
/home/linux/Documents/work/85_CutWordInfo.c
/home/linux/Documents/work/87_CrackerStudentInfo.c
/home/linux/Documents/work/30_fineNumtoan.c
/home/linux/Documents/work/81_LinkListArounStu.c
/home/linux/Documents/work/29_yearmoonday.c
/home/linux/Documents/work/26_a[n][n]minmax.c
/home/linux/Documents/work/82_MallocStudentPrint.c
/home/linux/Documents/work/31_strCalculat.c
/home/linux/Documents/work/29_abMinMul.c
/home/linux/Documents/work/88_Wc.c
/home/linux/Documents/work/86_123321.c
/home/linux/Documents/work/810_Cnt_n.c
/home/linux/Documents/work/26_strcmp.c
/home/linux/Documents/work/86_123321_bak.c
/home/linux/Documents/work/28_pstrcpy.c
/home/linux/Documents/work/87_FindStrWord.c
/home/linux/Documents/work/81_ReWord_bak.c
/home/linux/Documents/work/dict.txt
/home/linux/Documents/work/24_7_6%38.c
/home/linux/Documents/work/31_strCalculate_bak.c
/home/linux/Documents/work/88_Cptxt.c
/home/linux/Documents/work/31_StructStudentInfo_bak.c
/home/linux/Documents/work/81_CntWord.c
/home/linux/Documents/work/CheckNew.log
/home/linux/Documents/work/.23_7_2431.c.swp
/home/linux/Documents/work/26_strcpy.c
/home/linux/Documents/work/25_score.c
/home/linux/Documents/work/812_Ls
/home/linux/Documents/work/83_NumPowerMod.c
/home/linux/Documents/work/814_MiniShell
/home/linux/Documents/work/816_fork.c
/home/linux/Documents/work/82_TwoPrimeNum.c
/home/linux/Documents/work/81_ReWord.c
/home/linux/Documents/work/26_123-6.c
/home/linux/Documents/work/28_pstrcat.c
/home/linux/Documents/work/810_ioCnt_n.c
/home/linux/Documents/work/81_ListArounStu.c
/home/linux/Documents/work/30_StrToNum.c
/home/linux/Documents/work/26_abccba.c
/home/linux/Documents/work/86_123321_bak2.c
/home/linux/Documents/work/25_n561234.c
/home/linux/Documents/work/Wc.out
/home/linux/Documents/work/81_SumLongLongLongNumStr.c
/home/linux/Documents/work/Cp.out
/home/linux/Documents/work/class
/home/linux/Documents/work/test.txt
/home/linux/Documents/work/23_7_21.c
/home/linux/Documents/work/a.out
/home/linux/Documents/work/817_minishell_forksystem
/home/linux/Documents/work/24_7_waterNumber.c
/home/linux/Documents/work/815_ps_aux.c
/home/linux/Documents/work/23_7_year.c
/home/linux/Documents/work/25_2^km.c
